[2018-08-04 22:12:30,418] INFO_2  : Loaded plugins: blacklist, fastestmirror, whiteout
[2018-08-04 22:12:30,418] INFO_2  : No plugin match for: pidplugin
[2018-08-04 22:12:30,420] DEBUG   : Config time: 0.075
[2018-08-04 22:12:33,450] DEBUG   : repo time: 2.843
[2018-08-04 22:12:33,462] INFO_2  : Determining fastest mirrors
[2018-08-04 22:12:33,584] DEBUG   : repo time: 0.122
[2018-08-04 22:12:33,595] INFO_2  : Loading mirror speeds from cached hostfile
[2018-08-04 22:12:33,716] DEBUG   : repo time: 0.121
[2018-08-04 22:12:33,727] DEBUG   : Setting up Package Sacks
[2018-08-04 22:12:33,869] DEBUG   : rpmdb time: 0.000
[2018-08-04 22:12:33,971] DEBUG   : pkgsack time: 0.244
[2018-08-04 22:12:33,981] DEBUG   : Setting up Package Sacks
[2018-08-04 22:12:34,139] DEBUG   : pkgsack time: 0.157
[2018-08-04 22:12:34,149] DEBUG   : Setting up Package Sacks
[2018-08-04 22:12:34,431] DEBUG   : pkgsack time: 0.282
[2018-08-04 22:12:34,899] DEBUG   : group time: 0.460
[2018-08-04 22:12:35,112] DEBUG   : group time: 0.211
[2018-08-04 22:12:35,285] DEBUG   : Obs Init time: 0.119
[2018-08-04 22:12:37,125] DEBUG   : Building updates object
[2018-08-04 22:12:37,224] DEBUG   : up:simple updates time: 0.082
[2018-08-04 22:12:37,226] DEBUG   : up:obs time: 0.002
[2018-08-04 22:12:37,227] DEBUG   : up:condense time: 0.000
[2018-08-04 22:12:37,227] DEBUG   : updates time: 0.102
[2018-08-04 22:12:37,231] DEBUG   : TSINFO: Marking glibc-2.12-1.212.el6.x86_64 as install for bash-4.1.2-48.el6.x86_64
[2018-08-04 22:12:37,236] DEBUG   : TSINFO: Marking ncurses-libs-5.7-4.20090207.el6.x86_64 as install for bash-4.1.2-48.el6.x86_64
[2018-08-04 22:12:37,237] DEBUG   : Quick matched glibc-2.12-1.212.el6.x86_64 to require for libc.so.6(GLIBC_2.4)(64bit)
[2018-08-04 22:12:37,249] DEBUG   : TSINFO: Marking 32:bind-libs-9.8.2-0.68.rc1.el6.x86_64 as install for 32:bind-utils-9.8.2-0.68.rc1.el6.x86_64
[2018-08-04 22:12:37,252] DEBUG   : TSINFO: Marking krb5-libs-1.10.3-65.el6.x86_64 as install for 32:bind-utils-9.8.2-0.68.rc1.el6.x86_64
[2018-08-04 22:12:37,254] DEBUG   : TSINFO: Marking libidn-1.18-2.el6.x86_64 as install for 32:bind-utils-9.8.2-0.68.rc1.el6.x86_64
[2018-08-04 22:12:37,257] DEBUG   : TSINFO: Marking zlib-1.2.3-29.el6.x86_64 as install for 32:bind-utils-9.8.2-0.68.rc1.el6.x86_64
[2018-08-04 22:12:37,260] DEBUG   : TSINFO: Marking libxml2-2.7.6-21.el6_8.1.x86_64 as install for 32:bind-utils-9.8.2-0.68.rc1.el6.x86_64
[2018-08-04 22:12:37,261] DEBUG   : Quick matched 32:bind-libs-9.8.2-0.68.rc1.el6.x86_64 to require for libisccc.so.80()(64bit)
[2018-08-04 22:12:37,262] DEBUG   : Quick matched 32:bind-libs-9.8.2-0.68.rc1.el6.x86_64 to require for libisc.so.83()(64bit)
[2018-08-04 22:12:37,266] DEBUG   : TSINFO: Marking openssl-1.0.1e-57.el6.x86_64 as install for 32:bind-utils-9.8.2-0.68.rc1.el6.x86_64
[2018-08-04 22:12:37,268] DEBUG   : TSINFO: Marking libcap-2.16-5.5.el6.x86_64 as install for 32:bind-utils-9.8.2-0.68.rc1.el6.x86_64
[2018-08-04 22:12:37,278] DEBUG   : TSINFO: Marking libss-1.41.12-24.el6.x86_64 as install for e2fsprogs-1.41.12-24.el6.x86_64
[2018-08-04 22:12:37,282] DEBUG   : TSINFO: Marking libcom_err-1.41.12-24.el6.x86_64 as install for e2fsprogs-1.41.12-24.el6.x86_64
[2018-08-04 22:12:37,287] DEBUG   : TSINFO: Marking e2fsprogs-libs-1.41.12-24.el6.x86_64 as install for e2fsprogs-1.41.12-24.el6.x86_64
[2018-08-04 22:12:37,289] DEBUG   : TSINFO: Marking libuuid-2.17.2-12.28.el6_9.2.x86_64 as install for e2fsprogs-1.41.12-24.el6.x86_64
[2018-08-04 22:12:37,292] DEBUG   : TSINFO: Marking libblkid-2.17.2-12.28.el6_9.2.x86_64 as install for e2fsprogs-1.41.12-24.el6.x86_64
[2018-08-04 22:12:37,292] DEBUG   : Quick matched libblkid-2.17.2-12.28.el6_9.2.x86_64 to require for libblkid.so.1(BLKID_2.15)(64bit)
[2018-08-04 22:12:37,292] DEBUG   : Quick matched libblkid-2.17.2-12.28.el6_9.2.x86_64 to require for libblkid.so.1(BLKID_1.0)(64bit)
[2018-08-04 22:12:37,293] DEBUG   : Quick matched e2fsprogs-libs-1.41.12-24.el6.x86_64 to require for libe2p.so.2()(64bit)
[2018-08-04 22:12:37,323] DEBUG   : TSINFO: Marking info-4.13a-8.el6.x86_64 as install for 1:findutils-4.4.2-9.el6.x86_64
[2018-08-04 22:12:37,326] DEBUG   : TSINFO: Marking libselinux-2.0.94-7.el6.x86_64 as install for 1:findutils-4.4.2-9.el6.x86_64
[2018-08-04 22:12:37,330] DEBUG   : TSINFO: Marking redhat-logos-60.0.14-12.el6.centos.noarch as install for 1:grub-0.97-99.el6.x86_64
[2018-08-04 22:12:37,332] DEBUG   : TSINFO: Marking coreutils-8.4-47.el6.x86_64 as install for 1:grub-0.97-99.el6.x86_64
[2018-08-04 22:12:37,334] DEBUG   : TSINFO: Marking python-2.6.6-66.el6_8.x86_64 as install for 1:grub-0.97-99.el6.x86_64
[2018-08-04 22:12:37,345] DEBUG   : TSINFO: Marking iptables-1.4.7-19.el6.x86_64 as install for iproute-2.6.32-57.el6.x86_64
[2018-08-04 22:12:37,345] DEBUG   : Quick matched iptables-1.4.7-19.el6.x86_64 to require for libxtables.so.4()(64bit)
[2018-08-04 22:12:37,348] DEBUG   : TSINFO: Marking db4-4.7.25-22.el6.x86_64 as install for iproute-2.6.32-57.el6.x86_64
[2018-08-04 22:12:37,352] DEBUG   : TSINFO: Marking initscripts-9.03.61-1.el6.centos.x86_64 as install for iputils-20071127-24.el6.x86_64
[2018-08-04 22:12:37,354] DEBUG   : TSINFO: Marking chkconfig-1.3.49.5-1.el6.x86_64 as install for iputils-20071127-24.el6.x86_64
[2018-08-04 22:12:37,416] DEBUG   : TSINFO: Marking kernel-firmware-2.6.32-754.2.1.el6.noarch as install for kernel-2.6.32-754.2.1.el6.x86_64
[2018-08-04 22:12:37,418] DEBUG   : TSINFO: Marking grubby-7.0.15-7.el6.x86_64 as install for kernel-2.6.32-754.2.1.el6.x86_64
[2018-08-04 22:12:37,419] DEBUG   : TSINFO: Marking dracut-kernel-004-411.el6.noarch as install for kernel-2.6.32-754.2.1.el6.x86_64
[2018-08-04 22:12:37,420] DEBUG   : TSINFO: Marking module-init-tools-3.9-26.el6.x86_64 as install for kernel-2.6.32-754.2.1.el6.x86_64
[2018-08-04 22:12:37,434] DEBUG   : TSINFO: Marking pam-1.1.1-24.el6.x86_64 as install for passwd-0.77-7.el6.x86_64
[2018-08-04 22:12:37,438] DEBUG   : TSINFO: Marking audit-libs-2.4.5-6.el6.x86_64 as install for passwd-0.77-7.el6.x86_64
[2018-08-04 22:12:37,441] DEBUG   : TSINFO: Marking popt-1.13-7.el6.x86_64 as install for passwd-0.77-7.el6.x86_64
[2018-08-04 22:12:37,441] DEBUG   : Quick matched pam-1.1.1-24.el6.x86_64 to require for libpam.so.0(LIBPAM_1.0)(64bit)
[2018-08-04 22:12:37,444] DEBUG   : TSINFO: Marking libuser-0.56.13-8.el6_7.x86_64 as install for passwd-0.77-7.el6.x86_64
[2018-08-04 22:12:37,445] DEBUG   : Quick matched pam-1.1.1-24.el6.x86_64 to require for libpam.so.0()(64bit)
[2018-08-04 22:12:37,447] DEBUG   : TSINFO: Marking glib2-2.28.8-10.el6.x86_64 as install for passwd-0.77-7.el6.x86_64
[2018-08-04 22:12:37,448] DEBUG   : Quick matched glib2-2.28.8-10.el6.x86_64 to require for libgobject-2.0.so.0()(64bit)
[2018-08-04 22:12:37,448] DEBUG   : Quick matched glib2-2.28.8-10.el6.x86_64 to require for libgmodule-2.0.so.0()(64bit)
[2018-08-04 22:12:37,448] DEBUG   : Quick matched glib2-2.28.8-10.el6.x86_64 to require for libglib-2.0.so.0()(64bit)
[2018-08-04 22:12:37,454] DEBUG   : TSINFO: Marking setup-2.8.14-23.el6.noarch as install for 2:shadow-utils-4.1.5.1-5.el6.x86_64
[2018-08-04 22:12:37,456] DEBUG   : TSINFO: Marking libsemanage-2.0.43-5.1.el6.x86_64 as install for 2:shadow-utils-4.1.5.1-5.el6.x86_64
[2018-08-04 22:12:37,459] DEBUG   : TSINFO: Marking libattr-2.4.44-7.el6.x86_64 as install for 2:shadow-utils-4.1.5.1-5.el6.x86_64
[2018-08-04 22:12:37,461] DEBUG   : TSINFO: Marking libacl-2.2.49-7.el6_9.1.x86_64 as install for 2:shadow-utils-4.1.5.1-5.el6.x86_64
[2018-08-04 22:12:37,470] DEBUG   : TSINFO: Marking udev-147-2.73.el6_8.2.x86_64 as install for util-linux-ng-2.17.2-12.28.el6_9.2.x86_64
[2018-08-04 22:12:37,473] DEBUG   : TSINFO: Marking libutempter-1.1.5-4.1.el6.x86_64 as install for util-linux-ng-2.17.2-12.28.el6_9.2.x86_64
[2018-08-04 22:12:37,473] DEBUG   : Quick matched libutempter-1.1.5-4.1.el6.x86_64 to require for libutempter.so.0()(64bit)
[2018-08-04 22:12:37,475] DEBUG   : TSINFO: Marking libsepol-2.0.41-4.el6.x86_64 as install for util-linux-ng-2.17.2-12.28.el6_9.2.x86_64
[2018-08-04 22:12:37,481] DEBUG   : TSINFO: Marking yum-metadata-parser-1.1.2-16.el6.x86_64 as install for yum-3.2.29-81.el6.centos.noarch
[2018-08-04 22:12:37,483] DEBUG   : TSINFO: Marking rpm-4.8.0-59.el6.x86_64 as install for yum-3.2.29-81.el6.centos.noarch
[2018-08-04 22:12:37,484] DEBUG   : TSINFO: Marking python-urlgrabber-3.9.1-11.el6.noarch as install for yum-3.2.29-81.el6.centos.noarch
[2018-08-04 22:12:37,486] DEBUG   : TSINFO: Marking yum-plugin-fastestmirror-1.1.30-41.el6.noarch as install for yum-3.2.29-81.el6.centos.noarch
[2018-08-04 22:12:37,488] DEBUG   : TSINFO: Marking rpm-python-4.8.0-59.el6.x86_64 as install for yum-3.2.29-81.el6.centos.noarch
[2018-08-04 22:12:37,489] DEBUG   : TSINFO: Marking python-iniparse-0.3.1-2.1.el6.noarch as install for yum-3.2.29-81.el6.centos.noarch
[2018-08-04 22:12:37,491] DEBUG   : TSINFO: Marking pygpgme-0.1-18.20090824bzr68.el6.x86_64 as install for yum-3.2.29-81.el6.centos.noarch
[2018-08-04 22:12:37,504] DEBUG   : TSINFO: Marking coreutils-libs-8.4-47.el6.x86_64 as install for coreutils-8.4-47.el6.x86_64
[2018-08-04 22:12:37,505] DEBUG   : TSINFO: Marking ncurses-5.7-4.20090207.el6.x86_64 as install for coreutils-8.4-47.el6.x86_64
[2018-08-04 22:12:37,507] DEBUG   : TSINFO: Marking grep-2.20-6.el6.x86_64 as install for coreutils-8.4-47.el6.x86_64
[2018-08-04 22:12:37,511] DEBUG   : TSINFO: Marking gmp-4.3.1-13.el6.x86_64 as install for coreutils-8.4-47.el6.x86_64
[2018-08-04 22:12:37,511] DEBUG   : Quick matched gmp-4.3.1-13.el6.x86_64 to require for libgmp.so.3()(64bit)
[2018-08-04 22:12:37,514] DEBUG   : TSINFO: Marking dracut-004-411.el6.noarch as install for dracut-kernel-004-411.el6.noarch
[2018-08-04 22:12:37,520] DEBUG   : TSINFO: Marking shared-mime-info-0.70-6.el6.x86_64 as install for glib2-2.28.8-10.el6.x86_64
[2018-08-04 22:12:37,523] DEBUG   : TSINFO: Marking gamin-0.1.10-9.el6.x86_64 as install for glib2-2.28.8-10.el6.x86_64
[2018-08-04 22:12:37,527] DEBUG   : TSINFO: Marking glibc-common-2.12-1.212.el6.x86_64 as install for glibc-2.12-1.212.el6.x86_64
[2018-08-04 22:12:37,532] DEBUG   : TSINFO: Marking libgcc-4.4.7-23.el6.x86_64 as install for glibc-2.12-1.212.el6.x86_64
[2018-08-04 22:12:37,534] DEBUG   : TSINFO: Marking nss-softokn-freebl-3.14.3-23.3.el6_8.x86_64 as install for glibc-2.12-1.212.el6.x86_64
[2018-08-04 22:12:37,536] DEBUG   : TSINFO: Marking basesystem-10.0-4.el6.noarch as install for glibc-2.12-1.212.el6.x86_64
[2018-08-04 22:12:37,550] DEBUG   : TSINFO: Marking upstart-0.6.5-17.el6.x86_64 as install for initscripts-9.03.61-1.el6.centos.x86_64
[2018-08-04 22:12:37,553] DEBUG   : TSINFO: Marking sysvinit-tools-2.87-6.dsf.el6.x86_64 as install for initscripts-9.03.61-1.el6.centos.x86_64
[2018-08-04 22:12:37,554] DEBUG   : TSINFO: Marking 2:ethtool-3.5-6.el6.x86_64 as install for initscripts-9.03.61-1.el6.centos.x86_64
[2018-08-04 22:12:37,556] DEBUG   : TSINFO: Marking plymouth-0.8.3-29.el6.centos.x86_64 as install for initscripts-9.03.61-1.el6.centos.x86_64
[2018-08-04 22:12:37,557] DEBUG   : TSINFO: Marking net-tools-1.60-114.el6.x86_64 as install for initscripts-9.03.61-1.el6.centos.x86_64
[2018-08-04 22:12:37,559] DEBUG   : TSINFO: Marking mingetty-1.08-5.el6.x86_64 as install for initscripts-9.03.61-1.el6.centos.x86_64
[2018-08-04 22:12:37,560] DEBUG   : TSINFO: Marking cpio-2.10-13.el6.x86_64 as install for initscripts-9.03.61-1.el6.centos.x86_64
[2018-08-04 22:12:37,564] DEBUG   : TSINFO: Marking procps-3.2.8-45.el6_9.3.x86_64 as install for initscripts-9.03.61-1.el6.centos.x86_64
[2018-08-04 22:12:37,566] DEBUG   : TSINFO: Marking psmisc-22.6-24.el6.x86_64 as install for initscripts-9.03.61-1.el6.centos.x86_64
[2018-08-04 22:12:37,568] DEBUG   : TSINFO: Marking sed-4.2.1-10.el6.x86_64 as install for initscripts-9.03.61-1.el6.centos.x86_64
[2018-08-04 22:12:37,569] DEBUG   : TSINFO: Marking gawk-3.1.7-10.el6_7.3.x86_64 as install for initscripts-9.03.61-1.el6.centos.x86_64
[2018-08-04 22:12:37,574] DEBUG   : TSINFO: Marking policycoreutils-2.0.83-30.1.el6_8.x86_64 as install for iptables-1.4.7-19.el6.x86_64
[2018-08-04 22:12:37,578] DEBUG   : TSINFO: Marking keyutils-libs-1.4-5.el6.x86_64 as install for krb5-libs-1.10.3-65.el6.x86_64
[2018-08-04 22:12:37,579] DEBUG   : Quick matched keyutils-libs-1.4-5.el6.x86_64 to require for libkeyutils.so.1()(64bit)
[2018-08-04 22:12:37,592] DEBUG   : TSINFO: Marking ustr-1.0.4-9.1.el6.x86_64 as install for libsemanage-2.0.43-5.1.el6.x86_64
[2018-08-04 22:12:37,592] DEBUG   : Quick matched ustr-1.0.4-9.1.el6.x86_64 to require for libustr-1.0.so.1(USTR_1.0)(64bit)
[2018-08-04 22:12:37,596] DEBUG   : TSINFO: Marking bzip2-libs-1.0.5-7.el6_0.x86_64 as install for libsemanage-2.0.43-5.1.el6.x86_64
[2018-08-04 22:12:37,604] DEBUG   : TSINFO: Marking openldap-2.4.40-16.el6.x86_64 as install for libuser-0.56.13-8.el6_7.x86_64
[2018-08-04 22:12:37,610] DEBUG   : TSINFO: Marking binutils-2.20.51.0.2-5.48.el6.x86_64 as install for module-init-tools-3.9-26.el6.x86_64
[2018-08-04 22:12:37,613] DEBUG   : TSINFO: Marking ncurses-base-5.7-4.20090207.el6.x86_64 as install for ncurses-libs-5.7-4.20090207.el6.x86_64
[2018-08-04 22:12:37,618] DEBUG   : TSINFO: Marking ca-certificates-2018.2.22-65.1.el6.noarch as install for openssl-1.0.1e-57.el6.x86_64
[2018-08-04 22:12:37,619] DEBUG   : TSINFO: Marking 1:make-3.81-23.el6.x86_64 as install for openssl-1.0.1e-57.el6.x86_64
[2018-08-04 22:12:37,625] DEBUG   : TSINFO: Marking cracklib-dicts-2.8.16-4.el6.x86_64 as install for pam-1.1.1-24.el6.x86_64
[2018-08-04 22:12:37,629] DEBUG   : TSINFO: Marking cracklib-2.8.16-4.el6.x86_64 as install for pam-1.1.1-24.el6.x86_64
[2018-08-04 22:12:37,630] DEBUG   : Quick matched cracklib-2.8.16-4.el6.x86_64 to require for libcrack.so.2()(64bit)
[2018-08-04 22:12:37,635] DEBUG   : TSINFO: Marking gpgme-1.1.8-3.el6.x86_64 as install for pygpgme-0.1-18.20090824bzr68.el6.x86_64
[2018-08-04 22:12:37,635] DEBUG   : Quick matched gpgme-1.1.8-3.el6.x86_64 to require for libgpgme.so.11(GPGME_1.0)(64bit)
[2018-08-04 22:12:37,639] DEBUG   : TSINFO: Marking python-libs-2.6.6-66.el6_8.x86_64 as install for pygpgme-0.1-18.20090824bzr68.el6.x86_64
[2018-08-04 22:12:37,643] DEBUG   : TSINFO: Marking python-pycurl-7.19.0-9.el6.x86_64 as install for python-urlgrabber-3.9.1-11.el6.noarch
[2018-08-04 22:12:37,651] DEBUG   : TSINFO: Marking db4-utils-4.7.25-22.el6.x86_64 as install for rpm-4.8.0-59.el6.x86_64
[2018-08-04 22:12:37,652] DEBUG   : TSINFO: Marking curl-7.19.7-53.el6_9.x86_64 as install for rpm-4.8.0-59.el6.x86_64
[2018-08-04 22:12:37,655] DEBUG   : TSINFO: Marking rpm-libs-4.8.0-59.el6.x86_64 as install for rpm-4.8.0-59.el6.x86_64
[2018-08-04 22:12:37,655] DEBUG   : Quick matched rpm-libs-4.8.0-59.el6.x86_64 to require for librpmbuild.so.1()(64bit)
[2018-08-04 22:12:37,655] DEBUG   : Quick matched rpm-libs-4.8.0-59.el6.x86_64 to require for librpm.so.1()(64bit)
[2018-08-04 22:12:37,660] DEBUG   : TSINFO: Marking nss-3.36.0-8.el6.x86_64 as install for rpm-4.8.0-59.el6.x86_64
[2018-08-04 22:12:37,662] DEBUG   : TSINFO: Marking file-libs-5.04-30.el6.x86_64 as install for rpm-4.8.0-59.el6.x86_64
[2018-08-04 22:12:37,664] DEBUG   : TSINFO: Marking xz-libs-4.999.9-0.5.beta.20091007git.el6.x86_64 as install for rpm-4.8.0-59.el6.x86_64
[2018-08-04 22:12:37,667] DEBUG   : TSINFO: Marking lua-5.1.4-4.1.el6.x86_64 as install for rpm-4.8.0-59.el6.x86_64
[2018-08-04 22:12:37,669] DEBUG   : TSINFO: Marking elfutils-libelf-0.164-2.el6.x86_64 as install for rpm-4.8.0-59.el6.x86_64
[2018-08-04 22:12:37,679] DEBUG   : TSINFO: Marking MAKEDEV-3.24-6.el6.x86_64 as install for udev-147-2.73.el6_8.2.x86_64
[2018-08-04 22:12:37,680] DEBUG   : TSINFO: Marking hwdata-0.233-20.1.el6.noarch as install for udev-147-2.73.el6_8.2.x86_64
[2018-08-04 22:12:37,683] DEBUG   : TSINFO: Marking libusb-0.1.12-23.el6.x86_64 as install for udev-147-2.73.el6_8.2.x86_64
[2018-08-04 22:12:37,687] DEBUG   : TSINFO: Marking sqlite-3.6.20-1.el6_7.2.x86_64 as install for yum-metadata-parser-1.1.2-16.el6.x86_64
[2018-08-04 22:12:37,692] DEBUG   : TSINFO: Marking filesystem-2.4.30-3.el6.x86_64 as install for basesystem-10.0-4.el6.noarch
[2018-08-04 22:12:37,700] DEBUG   : TSINFO: Marking p11-kit-trust-0.18.5-2.el6_5.2.x86_64 as install for ca-certificates-2018.2.22-65.1.el6.noarch
[2018-08-04 22:12:37,704] DEBUG   : TSINFO: Marking p11-kit-0.18.5-2.el6_5.2.x86_64 as install for ca-certificates-2018.2.22-65.1.el6.noarch
[2018-08-04 22:12:37,708] DEBUG   : TSINFO: Marking gzip-1.3.12-24.el6.x86_64 as install for cracklib-2.8.16-4.el6.x86_64
[2018-08-04 22:12:37,717] DEBUG   : TSINFO: Marking libcurl-7.19.7-53.el6_9.x86_64 as install for curl-7.19.7-53.el6_9.x86_64
[2018-08-04 22:12:37,719] DEBUG   : TSINFO: Marking libssh2-1.4.2-2.el6_7.1.x86_64 as install for curl-7.19.7-53.el6_9.x86_64
[2018-08-04 22:12:37,722] DEBUG   : TSINFO: Marking nspr-4.19.0-1.el6.x86_64 as install for curl-7.19.7-53.el6_9.x86_64
[2018-08-04 22:12:37,722] DEBUG   : Quick matched nspr-4.19.0-1.el6.x86_64 to require for libplc4.so()(64bit)
[2018-08-04 22:12:37,724] DEBUG   : TSINFO: Marking nss-util-3.36.0-1.el6.x86_64 as install for curl-7.19.7-53.el6_9.x86_64
[2018-08-04 22:12:37,733] DEBUG   : TSINFO: Marking which-2.19-6.el6.x86_64 as install for dracut-004-411.el6.noarch
[2018-08-04 22:12:37,734] DEBUG   : TSINFO: Marking 2:tar-1.23-15.el6_8.x86_64 as install for dracut-004-411.el6.noarch
[2018-08-04 22:12:37,736] DEBUG   : TSINFO: Marking plymouth-scripts-0.8.3-29.el6.centos.x86_64 as install for dracut-004-411.el6.noarch
[2018-08-04 22:12:37,737] DEBUG   : TSINFO: Marking kbd-1.15-11.el6.x86_64 as install for dracut-004-411.el6.noarch
[2018-08-04 22:12:37,739] DEBUG   : TSINFO: Marking file-5.04-30.el6.x86_64 as install for dracut-004-411.el6.noarch
[2018-08-04 22:12:37,740] DEBUG   : TSINFO: Marking dash-0.5.5.1-4.el6.x86_64 as install for dracut-004-411.el6.noarch
[2018-08-04 22:12:37,742] DEBUG   : TSINFO: Marking bzip2-1.0.5-7.el6_0.x86_64 as install for dracut-004-411.el6.noarch
[2018-08-04 22:12:37,749] DEBUG   : TSINFO: Marking tzdata-2018e-3.el6.noarch as install for glibc-common-2.12-1.212.el6.x86_64
[2018-08-04 22:12:37,754] DEBUG   : TSINFO: Marking libstdc++-4.4.7-23.el6.x86_64 as install for gmp-4.3.1-13.el6.x86_64
[2018-08-04 22:12:37,754] DEBUG   : Quick matched libstdc++-4.4.7-23.el6.x86_64 to require for libstdc++.so.6(GLIBCXX_3.4)(64bit)
[2018-08-04 22:12:37,754] DEBUG   : Quick matched libstdc++-4.4.7-23.el6.x86_64 to require for libstdc++.so.6(CXXABI_1.3)(64bit)
[2018-08-04 22:12:37,754] DEBUG   : Quick matched libstdc++-4.4.7-23.el6.x86_64 to require for libstdc++.so.6()(64bit)
[2018-08-04 22:12:37,758] DEBUG   : TSINFO: Marking gnupg2-2.0.14-9.el6_10.x86_64 as install for gpgme-1.1.8-3.el6.x86_64
[2018-08-04 22:12:37,760] DEBUG   : TSINFO: Marking pth-2.0.7-9.3.el6.x86_64 as install for gpgme-1.1.8-3.el6.x86_64
[2018-08-04 22:12:37,763] DEBUG   : TSINFO: Marking libgpg-error-1.7-4.el6.x86_64 as install for gpgme-1.1.8-3.el6.x86_64
[2018-08-04 22:12:37,766] DEBUG   : TSINFO: Marking pcre-7.8-7.el6.x86_64 as install for grep-2.20-6.el6.x86_64
[2018-08-04 22:12:37,773] DEBUG   : TSINFO: Marking readline-6.0-4.el6.x86_64 as install for lua-5.1.4-4.1.el6.x86_64
[2018-08-04 22:12:37,785] DEBUG   : TSINFO: Marking nss-softokn-3.14.3-23.3.el6_8.x86_64 as install for nss-3.36.0-8.el6.x86_64
[2018-08-04 22:12:37,786] DEBUG   : TSINFO: Marking nss-sysinit-3.36.0-8.el6.x86_64 as install for nss-3.36.0-8.el6.x86_64
[2018-08-04 22:12:37,787] DEBUG   : Quick matched nss-softokn-3.14.3-23.3.el6_8.x86_64 to require for libnssdbm3.so()(64bit)
[2018-08-04 22:12:37,796] DEBUG   : TSINFO: Marking nss-tools-3.36.0-8.el6.x86_64 as install for openldap-2.4.40-16.el6.x86_64
[2018-08-04 22:12:37,798] DEBUG   : TSINFO: Marking cyrus-sasl-lib-2.1.23-15.el6_6.2.x86_64 as install for openldap-2.4.40-16.el6.x86_64
[2018-08-04 22:12:37,806] DEBUG   : TSINFO: Marking plymouth-core-libs-0.8.3-29.el6.centos.x86_64 as install for plymouth-0.8.3-29.el6.centos.x86_64
[2018-08-04 22:12:37,806] DEBUG   : Quick matched plymouth-core-libs-0.8.3-29.el6.centos.x86_64 to require for libply.so.2()(64bit)
[2018-08-04 22:12:37,806] DEBUG   : Quick matched plymouth-core-libs-0.8.3-29.el6.centos.x86_64 to require for libply-splash-core.so.2()(64bit)
[2018-08-04 22:12:37,808] DEBUG   : TSINFO: Marking libdrm-2.4.65-2.el6.x86_64 as install for plymouth-0.8.3-29.el6.centos.x86_64
[2018-08-04 22:12:37,809] DEBUG   : Quick matched libdrm-2.4.65-2.el6.x86_64 to require for libdrm_nouveau.so.1()(64bit)
[2018-08-04 22:12:37,809] DEBUG   : Quick matched libdrm-2.4.65-2.el6.x86_64 to require for libdrm_intel.so.1()(64bit)
[2018-08-04 22:12:37,809] DEBUG   : Quick matched libdrm-2.4.65-2.el6.x86_64 to require for libdrm.so.2()(64bit)
[2018-08-04 22:12:37,816] DEBUG   : TSINFO: Marking libselinux-utils-2.0.94-7.el6.x86_64 as install for policycoreutils-2.0.83-30.1.el6_8.x86_64
[2018-08-04 22:12:37,818] DEBUG   : TSINFO: Marking checkpolicy-2.0.22-1.el6.x86_64 as install for policycoreutils-2.0.83-30.1.el6_8.x86_64
[2018-08-04 22:12:37,819] DEBUG   : TSINFO: Marking diffutils-2.8.1-28.el6.x86_64 as install for policycoreutils-2.0.83-30.1.el6_8.x86_64
[2018-08-04 22:12:37,822] DEBUG   : TSINFO: Marking dbus-glib-0.86-6.el6.x86_64 as install for policycoreutils-2.0.83-30.1.el6_8.x86_64
[2018-08-04 22:12:37,824] DEBUG   : TSINFO: Marking 1:dbus-libs-1.2.24-9.el6.x86_64 as install for policycoreutils-2.0.83-30.1.el6_8.x86_64
[2018-08-04 22:12:37,834] DEBUG   : TSINFO: Marking expat-2.0.1-13.el6_8.x86_64 as install for python-libs-2.6.6-66.el6_8.x86_64
[2018-08-04 22:12:37,836] DEBUG   : TSINFO: Marking gdbm-1.8.0-39.el6.x86_64 as install for python-libs-2.6.6-66.el6_8.x86_64
[2018-08-04 22:12:37,839] DEBUG   : TSINFO: Marking libffi-3.0.5-3.2.el6.x86_64 as install for python-libs-2.6.6-66.el6_8.x86_64
[2018-08-04 22:12:37,849] DEBUG   : TSINFO: Marking 1:pkgconfig-0.23-9.1.el6.x86_64 as install for shared-mime-info-0.70-6.el6.x86_64
[2018-08-04 22:12:37,856] DEBUG   : TSINFO: Marking libnih-1.0.1-8.el6.x86_64 as install for upstart-0.6.5-17.el6.x86_64
[2018-08-04 22:12:37,856] DEBUG   : Quick matched libnih-1.0.1-8.el6.x86_64 to require for libnih-dbus.so.1(LIBNIH_DBUS_1_0)(64bit)
[2018-08-04 22:12:37,857] DEBUG   : Quick matched libnih-1.0.1-8.el6.x86_64 to require for libnih.so.1()(64bit)
[2018-08-04 22:12:37,857] DEBUG   : Quick matched libnih-1.0.1-8.el6.x86_64 to require for libnih-dbus.so.1()(64bit)
[2018-08-04 22:12:37,872] DEBUG   : TSINFO: Marking pinentry-0.7.6-8.el6.x86_64 as install for gnupg2-2.0.14-9.el6_10.x86_64
[2018-08-04 22:12:37,874] DEBUG   : TSINFO: Marking libgcrypt-1.4.5-12.el6_8.x86_64 as install for gnupg2-2.0.14-9.el6_10.x86_64
[2018-08-04 22:12:37,875] DEBUG   : Quick matched libgcrypt-1.4.5-12.el6_8.x86_64 to require for libgcrypt.so.11()(64bit)
[2018-08-04 22:12:37,877] DEBUG   : TSINFO: Marking less-436-13.el6.x86_64 as install for gzip-1.3.12-24.el6.x86_64
[2018-08-04 22:12:37,880] DEBUG   : TSINFO: Marking kbd-misc-1.15-11.el6.noarch as install for kbd-1.15-11.el6.x86_64
[2018-08-04 22:12:37,888] DEBUG   : TSINFO: Marking libpciaccess-0.13.4-1.el6.x86_64 as install for libdrm-2.4.65-2.el6.x86_64
[2018-08-04 22:12:37,919] DEBUG   : TSINFO: Marking libtasn1-2.3-6.el6_5.x86_64 as install for p11-kit-0.18.5-2.el6_5.2.x86_64
[2018-08-04 22:12:37,919] DEBUG   : Quick matched libtasn1-2.3-6.el6_5.x86_64 to require for libtasn1.so.3()(64bit)
[2018-08-04 22:12:37,932] DEBUG   : TSINFO: Marking groff-1.18.1.4-21.el6.x86_64 as install for less-436-13.el6.x86_64
[2018-08-04 22:12:38,034] DEBUG   : Depsolve time: 0.928
[2018-08-04 22:13:51,174] DEBUG   : VerifyTransaction time: 1.416
