22:12:25,321 DEBUG   : registered device format class DiskLabel as disklabel
22:12:25,322 DEBUG   : registered device format class DMRaidMember as dmraidmember
22:12:25,411 DEBUG   : registered device format class Ext2FS as ext2
22:12:25,412 DEBUG   : registered device format class Ext3FS as ext3
22:12:25,412 DEBUG   : registered device format class Ext4FS as ext4
22:12:25,412 DEBUG   : registered device format class FATFS as vfat
22:12:25,412 DEBUG   : registered device format class EFIFS as efi
22:12:25,412 DEBUG   : registered device format class BTRFS as btrfs
22:12:25,412 DEBUG   : registered device format class GFS2 as gfs2
22:12:25,413 DEBUG   : registered device format class JFS as jfs
22:12:25,413 DEBUG   : registered device format class ReiserFS as reiserfs
22:12:25,413 DEBUG   : registered device format class XFS as xfs
22:12:25,413 DEBUG   : registered device format class HFS as hfs
22:12:25,413 DEBUG   : registered device format class AppleBootstrapFS as appleboot
22:12:25,413 DEBUG   : registered device format class HFSPlus as hfs+
22:12:25,413 DEBUG   : registered device format class NTFS as ntfs
22:12:25,414 DEBUG   : registered device format class NFS as nfs
22:12:25,414 DEBUG   : registered device format class NFSv4 as nfs4
22:12:25,414 DEBUG   : registered device format class Iso9660FS as iso9660
22:12:25,414 DEBUG   : registered device format class NoDevFS as nodev
22:12:25,414 DEBUG   : registered device format class DevPtsFS as devpts
22:12:25,414 DEBUG   : registered device format class ProcFS as proc
22:12:25,414 DEBUG   : registered device format class SysFS as sysfs
22:12:25,414 DEBUG   : registered device format class TmpFS as tmpfs
22:12:25,415 DEBUG   : registered device format class BindFS as bind
22:12:25,432 DEBUG   : registered device format class LUKS as luks
22:12:25,433 DEBUG   : registered device format class LVMPhysicalVolume as lvmpv
22:12:25,434 DEBUG   : registered device format class MDRaidMember as mdmember
22:12:25,435 DEBUG   : registered device format class MultipathMember as multipath_member
22:12:25,436 DEBUG   : registered device format class PPCPRePBoot as prepboot
22:12:25,438 DEBUG   : registered device format class SwapSpace as swap
22:12:26,487 INFO    : devices to scan for multipath: ['sda']
22:12:26,487 DEBUG   : /etc/multipath.conf contents:
22:12:26,488 DEBUG   : # multipath.conf written by anaconda
22:12:26,488 DEBUG   : 
22:12:26,488 DEBUG   : defaults {
22:12:26,488 DEBUG   : 	user_friendly_names yes
22:12:26,488 DEBUG   : }
22:12:26,488 DEBUG   : blacklist {
22:12:26,488 DEBUG   : 	devnode "^(ram|raw|loop|fd|md|dm-|sr|scd|st)[0-9]*"
22:12:26,488 DEBUG   : 	devnode "^hd[a-z]"
22:12:26,488 DEBUG   : 	devnode "^dcssblk[0-9]*"
22:12:26,488 DEBUG   : 	device {
22:12:26,489 DEBUG   : 		vendor "DGC"
22:12:26,489 DEBUG   : 		product "LUNZ"
22:12:26,489 DEBUG   : 	}
22:12:26,489 DEBUG   : 	device {
22:12:26,489 DEBUG   : 		vendor "IBM"
22:12:26,489 DEBUG   : 		product "S/390.*"
22:12:26,489 DEBUG   : 	}
22:12:26,489 DEBUG   : 	# don't count normal SATA devices as multipaths
22:12:26,489 DEBUG   : 	device {
22:12:26,489 DEBUG   : 		vendor  "ATA"
22:12:26,489 DEBUG   : 	}
22:12:26,490 DEBUG   : 	# don't count 3ware devices as multipaths
22:12:26,490 DEBUG   : 	device {
22:12:26,490 DEBUG   : 		vendor  "3ware"
22:12:26,490 DEBUG   : 	}
22:12:26,490 DEBUG   : 	device {
22:12:26,490 DEBUG   : 		vendor  "AMCC"
22:12:26,490 DEBUG   : 	}
22:12:26,490 DEBUG   : 	# nor highpoint devices
22:12:26,490 DEBUG   : 	device {
22:12:26,490 DEBUG   : 		vendor  "HPT"
22:12:26,491 DEBUG   : 	}
22:12:26,491 DEBUG   : }
22:12:26,491 DEBUG   : multipaths {
22:12:26,491 DEBUG   : }
22:12:26,491 DEBUG   : (end of /etc/multipath.conf)
22:12:26,503 INFO    : adding sda to singlepath_disks
22:12:26,503 INFO    : devices post multipath scan: (['sda'], [], [])
22:12:26,842 DEBUG   : DeviceTree.populate: ignoredDisks is [] ; exclusiveDisks is []
22:12:26,886 INFO    : devices to scan for multipath: ['sda']
22:12:26,886 DEBUG   : /etc/multipath.conf contents:
22:12:26,886 DEBUG   : # multipath.conf written by anaconda
22:12:26,886 DEBUG   : 
22:12:26,887 DEBUG   : defaults {
22:12:26,887 DEBUG   : 	user_friendly_names yes
22:12:26,887 DEBUG   : }
22:12:26,887 DEBUG   : blacklist {
22:12:26,887 DEBUG   : 	devnode "^(ram|raw|loop|fd|md|dm-|sr|scd|st)[0-9]*"
22:12:26,887 DEBUG   : 	devnode "^hd[a-z]"
22:12:26,887 DEBUG   : 	devnode "^dcssblk[0-9]*"
22:12:26,887 DEBUG   : 	device {
22:12:26,887 DEBUG   : 		vendor "DGC"
22:12:26,887 DEBUG   : 		product "LUNZ"
22:12:26,888 DEBUG   : 	}
22:12:26,888 DEBUG   : 	device {
22:12:26,888 DEBUG   : 		vendor "IBM"
22:12:26,888 DEBUG   : 		product "S/390.*"
22:12:26,888 DEBUG   : 	}
22:12:26,888 DEBUG   : 	# don't count normal SATA devices as multipaths
22:12:26,888 DEBUG   : 	device {
22:12:26,888 DEBUG   : 		vendor  "ATA"
22:12:26,888 DEBUG   : 	}
22:12:26,888 DEBUG   : 	# don't count 3ware devices as multipaths
22:12:26,889 DEBUG   : 	device {
22:12:26,889 DEBUG   : 		vendor  "3ware"
22:12:26,889 DEBUG   : 	}
22:12:26,889 DEBUG   : 	device {
22:12:26,889 DEBUG   : 		vendor  "AMCC"
22:12:26,889 DEBUG   : 	}
22:12:26,889 DEBUG   : 	# nor highpoint devices
22:12:26,889 DEBUG   : 	device {
22:12:26,889 DEBUG   : 		vendor  "HPT"
22:12:26,889 DEBUG   : 	}
22:12:26,890 DEBUG   : }
22:12:26,890 DEBUG   : multipaths {
22:12:26,890 DEBUG   : }
22:12:26,890 DEBUG   : (end of /etc/multipath.conf)
22:12:26,899 INFO    : adding sda to singlepath_disks
22:12:26,900 INFO    : devices post multipath scan: (['sda'], [], [])
22:12:26,900 INFO    : devices to scan: ['sda']
22:12:26,956 DEBUG   :       DeviceTree.addUdevDevice: info: {'ID_REVISION': '1.5.3', 'LVM_SBIN_PATH': '/usr/sbin', 'ID_PATH': 'pci-0000:00:01.1-scsi-0:0:0:0', 'ANACBIN': '/usr/sbin', 'ID_SERIAL': 'QEMU_HARDDISK_QM00001', 'DEVTYPE': 'disk', 'MINOR': '0', 'ID_ATA_WRITE_CACHE_ENABLED': '1', 'MPATH_SBIN_PATH': '/usr/sbin', 'ID_SCSI_COMPAT': 'SATA_QEMU_HARDDISK_QM00001', 'DEVLINKS': '/dev/block/8:0 /dev/disk/by-id/ata-QEMU_HARDDISK_QM00001 /dev/disk/by-id/scsi-SATA_QEMU_HARDDISK_QM00001 /dev/disk/by-path/pci-0000:00:01.1-scsi-0:0:0:0', 'SUBSYSTEM': 'block', 'ID_ATA': '1', 'ID_MODEL': 'QEMU_HARDDISK', 'ID_SERIAL_SHORT': 'QM00001', 'ID_ATA_WRITE_CACHE': '1', 'sysfs_path': '/devices/pci0000:00/0000:00:01.1/host0/target0:0:0/0:0:0:0/block/sda', 'ID_TYPE': 'disk', 'ID_BUS': 'ata', 'symlinks': ['/dev/block/8:0', '/dev/disk/by-id/ata-QEMU_HARDDISK_QM00001', '/dev/disk/by-id/scsi-SATA_QEMU_HARDDISK_QM00001', '/dev/disk/by-path/pci-0000:00:01.1-scsi-0:0:0:0'], 'MAJOR': '8', 'name': 'sda', 'ID_ATA_FEATURE_SET_SMART': '1', 'DEVPATH': '/devices/pci0000:00/0000:00:01.1/host0/target0:0:0/0:0:0:0/block/sda', 'UDEV_LOG': '3', 'DEVNAME': 'sda', 'ID_ATA_FEATURE_SET_SMART_ENABLED': '1', 'ID_MODEL_ENC': 'QEMU\\x20HARDDISK\\x20\\x20\\x20\\x20\\x20\\x20\\x20\\x20\\x20\\x20\\x20\\x20\\x20\\x20\\x20\\x20\\x20\\x20\\x20\\x20\\x20\\x20\\x20\\x20\\x20\\x20\\x20'} ; name: sda ;
22:12:26,957 DEBUG   : scanning sda (/devices/pci0000:00/0000:00:01.1/host0/target0:0:0/0:0:0:0/block/sda)...
22:12:26,957 DEBUG   : looking for device 'sda'...
22:12:26,957 DEBUG   : found None
22:12:26,958 DEBUG   :        DeviceTree.addUdevDiskDevice: name: sda ;
22:12:26,958 DEBUG   : sda is a disk
22:12:26,959 DEBUG   : getFormat('None') returning DeviceFormat instance
22:12:26,960 DEBUG   :            DiskDevice._setFormat: sda ; current: None ; type: None ;
22:12:26,960 DEBUG   : added disk sda (id 0) to device tree
22:12:26,961 DEBUG   : looking up parted Device: /dev/sda
22:12:26,966 DEBUG   :        DeviceTree.handleUdevDeviceFormat: name: sda ;
22:12:26,967 DEBUG   :         DeviceTree.handleUdevDiskLabelFormat: device: sda ;
22:12:26,967 DEBUG   : getFormat('None') returning DeviceFormat instance
22:12:26,968 DEBUG   :          DiskDevice.setup: sda ; status: True ; orig: False ;
22:12:26,968 DEBUG   : required disklabel type for sda (1) is None
22:12:26,968 DEBUG   : default disklabel type for sda is msdos
22:12:26,968 DEBUG   : selecting msdos disklabel for sda based on size
22:12:26,970 DEBUG   :           DiskLabel.__init__: device: /dev/sda ; labelType: msdos ; exists: True ;
22:12:26,975 DEBUG   :           DiskLabel.__init__: device: /dev/sda ; labelType: msdos ; exists: False ;
22:12:26,976 DEBUG   :             DiskLabel.freshPartedDisk: device: /dev/sda ; labelType: msdos ;
22:12:26,977 DEBUG   : getFormat('disklabel') returning DiskLabel instance
22:12:26,978 DEBUG   :           DeviceFormat.teardown: device: /dev/sda ; status: False ; type: None ;
22:12:26,978 DEBUG   : getFormat('None') returning DeviceFormat instance
22:12:26,979 DEBUG   :            DiskDevice._setFormat: sda ; current: None ; type: None ;
22:12:26,979 DEBUG   : registered action: Destroy Format None on disk sda (id 0)
22:12:26,979 DEBUG   :           DeviceFormat.teardown: device: /dev/sda ; status: False ; type: None ;
22:12:26,980 DEBUG   :            DiskDevice._setFormat: sda ; current: None ; type: disklabel ;
22:12:26,981 DEBUG   : registered action: Create Format disklabel on disk sda (id 0)
22:12:26,984 DEBUG   : got device: DiskDevice instance (0x7f037736c410) --
  name = sda  status = True  parents = []
  kids = 0
  id = 0
  uuid = None  format = <storage.formats.disklabel.DiskLabel object at 0x7f0376db9d10>  size = 3072.0
  major = 8  minor = 0  exists = True
  sysfs path = /devices/pci0000:00/0000:00:01.1/host0/target0:0:0/0:0:0:0/block/sda  partedDevice = <parted.device.Device object at 0x7f0376daf310>
  target size = 0  path = /dev/sda
  format args = []  originalFormat = DeviceFormat instance (0x7f037736c450) --
  type = None  name = Unknown  status = False
  device = /dev/sda  uuid = None  exists = True
  options = None  supported = False  formattable = False  resizable = False
  removable = False  partedDevice = <parted.device.Device object at 0x7f0376daf310>
22:12:26,989 DEBUG   : got format: DiskLabel instance (0x7f0376db9d10) --
  type = disklabel  name = partition table (MSDOS)  status = False
  device = /dev/sda  uuid = None  exists = False
  options = None  supported = False  formattable = True  resizable = False
  type = msdos  partition count = 0  sectorSize = 512
  align_offset = 0  align_grain = 2048
  partedDisk = <parted.disk.Disk object at 0x7f0376db9ed0>
  origPartedDisk = <parted.disk.Disk object at 0x7f0376daf4d0>
  partedDevice = <parted.device.Device object at 0x7f0376db9d50>

22:12:27,028 DEBUG   :        DiskDevice.teardown: sda ; status: True ;
22:12:27,047 INFO    : failed to unlink /etc/mdadm.conf
22:12:27,048 INFO    : edd: MBR signature on sda is zero. new disk image?
22:12:27,048 INFO    : edd: collected mbr signatures: {}
22:12:27,049 DEBUG   : edd: data extracted from 0x80:
	type: ATA, ata_device: 0
	channel: 0, mbr_signature: None
	pci_dev: 00:01.1, scsi_id: None
	scsi_lun: None, sectors: 6291456
22:12:27,049 DEBUG   : edd: matched 0x80 to sda using pci_dev
22:12:27,103 DEBUG   : checking whether disk sda has an empty extended
22:12:27,104 DEBUG   : extended is None ; logicals is []
22:12:27,104 DEBUG   : required disklabel type for sda (1) is None
22:12:27,104 DEBUG   : default disklabel type for sda is msdos
22:12:27,104 DEBUG   : selecting msdos disklabel for sda based on size
22:12:27,106 DEBUG   :        Ext4FS.supported: supported: True ;
22:12:27,163 DEBUG   : getFormat('ext4') returning Ext4FS instance
22:12:27,164 DEBUG   :          PartitionDevice._setFormat: req0 ;
22:12:27,165 DEBUG   :           PartitionDevice._setFormat: req0 ; current: None ; type: ext4 ;
22:12:27,165 DEBUG   : added partition req0 (id 1) to device tree
22:12:27,166 DEBUG   : registered action: Create Device partition req0 (id 1)
22:12:27,166 DEBUG   : getFormat('None') returning DeviceFormat instance
22:12:27,166 DEBUG   : registered action: Create Format ext4 on partition req0 (id 1)
22:12:28,002 DEBUG   : doAutoPartition(<__main__.Anaconda object at 0x7f03891e5c10>)
22:12:28,002 DEBUG   : doAutoPart: False
22:12:28,002 DEBUG   : clearPartType: 1
22:12:28,002 DEBUG   : clearPartDisks: []
22:12:28,002 DEBUG   : autoPartitionRequests: [<storage.partspec.PartSpec object at 0x7f0380c2afd0>, <storage.partspec.PartSpec object at 0x7f0380c2af90>, <storage.partspec.PartSpec object at 0x7f0380c2f7d0>, <storage.partspec.PartSpec object at 0x7f0380c2f410>]
22:12:28,002 DEBUG   : storage.disks: ['sda']
22:12:28,003 DEBUG   : storage.partitioned: ['sda']
22:12:28,003 DEBUG   : all names: ['req0', 'sda']
22:12:28,003 WARNING : not sanity checking devices because I don't know how yet
22:12:28,005 DEBUG   :          DiskDevice.setup: sda ; status: True ; orig: False ;
22:12:28,005 DEBUG   : removing all non-preexisting partitions ['req0(id 1)'] from disk(s) ['sda']
22:12:28,006 DEBUG   : allocatePartitions: disks=['sda'] ; partitions=['req0(id 1)']
22:12:28,006 DEBUG   : removing all non-preexisting partitions ['req0(id 1)'] from disk(s) ['sda']
22:12:28,006 DEBUG   : allocating partition: req0 ; id: 1 ; disks: ['sda'] ;
boot: False ; primary: False ; size: 3000MB ; grow: False ; max_size: 0
22:12:28,006 DEBUG   : checking freespace on sda
22:12:28,006 DEBUG   : getBestFreeSpaceRegion: disk=/dev/sda part_type=0 req_size=3000MB boot=False best=None grow=False
22:12:28,007 DEBUG   : current free range is 63-6291455 (3071MB)
22:12:28,007 DEBUG   : updating use_disk to DiskDevice instance (0x7f037736c410) --
  name = sda  status = True  parents = []
  kids = 0
  id = 0
  uuid = None  format = <storage.formats.disklabel.DiskLabel object at 0x7f0376db9d10>  size = 3072.0
  major = 8  minor = 0  exists = True
  sysfs path = /devices/pci0000:00/0000:00:01.1/host0/target0:0:0/0:0:0:0/block/sda  partedDevice = <parted.device.Device object at 0x7f0376daf310>
  target size = 0  path = /dev/sda
  format args = []  originalFormat = DiskLabel instance (0x7f0376db9d10) --
  type = disklabel  name = partition table (MSDOS)  status = False
  device = /dev/sda  uuid = None  exists = False
  options = None  supported = False  formattable = True  resizable = False
  type = msdos  partition count = 0  sectorSize = 512
  align_offset = 0  align_grain = 2048
  partedDisk = <parted.disk.Disk object at 0x7f0376db9ed0>
  origPartedDisk = <parted.disk.Disk object at 0x7f0376daf4d0>
  partedDevice = <parted.device.Device object at 0x7f0376db9d50>
  removable = False  partedDevice = <parted.device.Device object at 0x7f0376daf310> (sda), type: 0
22:12:28,007 DEBUG   : new free: parted.Geometry instance --
  start: 63  end: 6291455  length: 6291393
  device: <parted.device.Device object at 0x7f038835b610>  PedGeometry: <_ped.Geometry object at 0x7f038835b650> (63-6291455 / 3071MB)
22:12:28,007 DEBUG   : new free allows for 0 sectors of growth
22:12:28,008 DEBUG   : adjusted start sector from 63 to 2048
22:12:28,008 DEBUG   : created partition sda1 of 3000MB and added it to /dev/sda
22:12:28,009 DEBUG   :            PartitionDevice._setPartedPartition: req0 ;
22:12:28,009 DEBUG   : device req0 new partedPartition parted.Partition instance --
  disk: <parted.disk.Disk object at 0x7f0376db9ed0>  fileSystem: None
  number: 1  path: /dev/sda1  type: 0
  name: None  active: True  busy: False
  geometry: <parted.geometry.Geometry object at 0x7f038835bb50>  PedPartition: <_ped.Partition object at 0x7f0388358ad0> has path /dev/sda1
22:12:28,011 DEBUG   :            PartitionDevice._setDisk: sda1 ; new: DiskDevice instance (0x7f037736c410) --
  name = sda  status = True  parents = []
  kids = 0
  id = 0
  uuid = None  format = <storage.formats.disklabel.DiskLabel object at 0x7f0376db9d10>  size = 3072.0
  major = 8  minor = 0  exists = True
  sysfs path = /devices/pci0000:00/0000:00:01.1/host0/target0:0:0/0:0:0:0/block/sda  partedDevice = <parted.device.Device object at 0x7f0376daf310>
  target size = 0  path = /dev/sda
  format args = []  originalFormat = DiskLabel instance (0x7f0376db9d10) --
  type = disklabel  name = partition table (MSDOS)  status = False
  device = /dev/sda  uuid = None  exists = False
  options = None  supported = False  formattable = True  resizable = False
  type = msdos  partition count = 1  sectorSize = 512
  align_offset = 0  align_grain = 2048
  partedDisk = <parted.disk.Disk object at 0x7f0376db9ed0>
  origPartedDisk = <parted.disk.Disk object at 0x7f0376daf4d0>
  partedDevice = <parted.device.Device object at 0x7f0376db9d50>
  removable = False  partedDevice = <parted.device.Device object at 0x7f0376daf310> ; old: None ;
22:12:28,011 DEBUG   :             DiskDevice.addChild: kids: 0 ; name: sda ;
22:12:28,012 DEBUG   :            PartitionDevice._setPartedPartition: sda1 ;
22:12:28,012 DEBUG   : device sda1 new partedPartition parted.Partition instance --
  disk: <parted.disk.Disk object at 0x7f0376db9ed0>  fileSystem: None
  number: 1  path: /dev/sda1  type: 0
  name: None  active: True  busy: False
  geometry: <parted.geometry.Geometry object at 0x7f038835ba10>  PedPartition: <_ped.Partition object at 0x7f0388358b30> has path /dev/sda1
22:12:28,013 DEBUG   : growPartitions: disks=['sda'], partitions=['sda1(id 1)']
22:12:28,013 DEBUG   : no growable partitions
22:12:28,013 WARNING : not sanity checking storage config because I don't know how yet
22:12:28,014 WARNING : You have not specified a swap partition.  Although not strictly required in all cases, it will significantly improve performance for most installations.
22:12:28,021 DEBUG   :          PartitionDevice.teardown: sda1 ; status: False ;
22:12:28,021 DEBUG   :           PartitionDevice.teardown: sda1 ; status: False ;
22:12:28,022 DEBUG   :             DiskDevice.teardown: sda ; status: True ;
22:12:28,040 DEBUG   : resetting parted disks...
22:12:28,041 DEBUG   :           DiskLabel.resetPartedDisk: device: /dev/sda ;
22:12:28,043 DEBUG   :           PartitionDevice.preCommitFixup: sda1 ;
22:12:28,043 DEBUG   : action: Destroy Format None on disk sda (id 0)
22:12:28,043 DEBUG   : action: Create Format disklabel on disk sda (id 0)
22:12:28,043 DEBUG   : action: Create Device partition sda1 (id 1)
22:12:28,043 DEBUG   : action: Create Format ext4 on partition sda1 (id 1)
22:12:28,043 DEBUG   : pruning action queue...
22:12:28,043 DEBUG   : action 'Create Device partition sda1 (id 1)' (139652855225104)
22:12:28,044 DEBUG   : action 'Destroy Format None on disk sda (id 0)' (139652855690320)
22:12:28,044 DEBUG   : action 'Create Format disklabel on disk sda (id 0)' (139652855769424)
22:12:28,044 DEBUG   : action 'Create Format ext4 on partition sda1 (id 1)' (139652855225872)
22:12:28,044 DEBUG   : action: Destroy Format None on disk sda (id 0)
22:12:28,044 DEBUG   : action: Create Format disklabel on disk sda (id 0)
22:12:28,044 DEBUG   : action: Create Device partition sda1 (id 1)
22:12:28,044 DEBUG   : action: Create Format ext4 on partition sda1 (id 1)
22:12:28,044 DEBUG   : sorting actions...
22:12:28,044 DEBUG   : cmp: 1 -- Create Format disklabel on disk sda (id 0) | Destroy Format None on disk sda (id 0)
22:12:28,045 DEBUG   : cmp: 1 -- Create Device partition sda1 (id 1) | Create Format disklabel on disk sda (id 0)
22:12:28,045 DEBUG   : cmp: 1 -- Create Format ext4 on partition sda1 (id 1) | Create Device partition sda1 (id 1)
22:12:28,045 DEBUG   : action: Destroy Format None on disk sda (id 0)
22:12:28,045 DEBUG   : lvm filter: removing sda1 from the reject list
22:12:28,045 DEBUG   : sda1 wasn't in the reject list
22:12:28,045 DEBUG   : action: Create Format disklabel on disk sda (id 0)
22:12:28,045 DEBUG   : lvm filter: removing sda1 from the reject list
22:12:28,045 DEBUG   : sda1 wasn't in the reject list
22:12:28,045 DEBUG   : action: Create Device partition sda1 (id 1)
22:12:28,045 DEBUG   : action: Create Format ext4 on partition sda1 (id 1)
22:12:28,046 INFO    : executing action: Destroy Format None on disk sda (id 0)
22:12:28,046 DEBUG   :            DiskDevice.setup: sda ; status: True ; orig: True ;
22:12:28,047 DEBUG   :            DeviceFormat.destroy: device: /dev/sda ; status: False ; type: None ;
22:12:28,047 DEBUG   : zeroing out beginning and end of /dev/sda...
22:12:28,087 DEBUG   :            DiskDevice.teardown: sda ; status: True ;
22:12:28,118 INFO    : executing action: Create Format disklabel on disk sda (id 0)
22:12:28,119 DEBUG   :            DiskDevice.setup: sda ; status: True ; orig: False ;
22:12:28,120 DEBUG   :            DiskLabel.create: device: /dev/sda ; status: False ; type: disklabel ;
22:12:28,121 DEBUG   :             DiskLabel.create: device: /dev/sda ; status: False ; type: disklabel ;
22:12:28,122 DEBUG   :             DiskLabel.commit: device: /dev/sda ; numparts: 0 ;
22:12:28,200 DEBUG   :            DiskDevice.updateSysfsPath: sda ; status: True ;
22:12:28,201 DEBUG   : sda sysfsPath set to /devices/pci0000:00/0000:00:01.1/host0/target0:0:0/0:0:0:0/block/sda
22:12:28,214 INFO    : executing action: Create Device partition sda1 (id 1)
22:12:28,215 DEBUG   :            PartitionDevice.create: sda1 ; status: False ;
22:12:28,220 INFO    : NOTE: recursive device creation disabled
22:12:28,221 DEBUG   :             PartitionDevice.setupParents: kids: 0 ; name: sda1 ; orig: False ;
22:12:28,222 DEBUG   :              DiskDevice.setup: sda ; status: True ; orig: False ;
22:12:28,223 DEBUG   :             DiskLabel.commit: device: /dev/sda ; numparts: 1 ;
22:12:28,314 DEBUG   :             DeviceFormat.destroy: device: /dev/sda1 ; status: False ; type: None ;
22:12:28,314 DEBUG   : zeroing out beginning and end of /dev/sda1...
22:12:28,320 DEBUG   :              PartitionDevice._setPartedPartition: sda1 ;
22:12:28,321 DEBUG   : device sda1 new partedPartition parted.Partition instance --
  disk: <parted.disk.Disk object at 0x7f0376daf4d0>  fileSystem: None
  number: 1  path: /dev/sda1  type: 0
  name: None  active: True  busy: False
  geometry: <parted.geometry.Geometry object at 0x7f038835b510>  PedPartition: <_ped.Partition object at 0x7f0388360a10> has path /dev/sda1
22:12:28,329 DEBUG   :             PartitionDevice.setup: sda1 ; status: True ; orig: False ;
22:12:28,337 DEBUG   :              PartitionDevice.setupParents: kids: 0 ; name: sda1 ; orig: False ;
22:12:28,341 DEBUG   :               DiskDevice.setup: sda ; status: True ; orig: False ;
22:12:28,342 DEBUG   :              DiskLabel.setup: device: /dev/sda ; status: False ; type: disklabel ;
22:12:28,343 DEBUG   :               DiskLabel.setup: device: /dev/sda ; status: False ; type: disklabel ;
22:12:28,364 INFO    : executing action: Create Format ext4 on partition sda1 (id 1)
22:12:28,366 DEBUG   :            PartitionDevice.setup: sda1 ; status: True ; orig: False ;
22:12:28,367 DEBUG   :             PartitionDevice.setupParents: kids: 0 ; name: sda1 ; orig: False ;
22:12:28,368 DEBUG   :              DiskDevice.setup: sda ; status: True ; orig: False ;
22:12:28,369 DEBUG   :             DiskLabel.setup: device: /dev/sda ; status: False ; type: disklabel ;
22:12:28,370 DEBUG   :              DiskLabel.setup: device: /dev/sda ; status: False ; type: disklabel ;
22:12:28,371 DEBUG   :            PartitionDevice.unsetFlag: path: /dev/sda1 ; flag: 1 ;
22:12:28,372 DEBUG   :             PartitionDevice.flagAvailable: path: /dev/sda1 ; flag: 1 ;
22:12:28,373 DEBUG   :            PartitionDevice.unsetFlag: path: /dev/sda1 ; flag: 2 ;
22:12:28,374 DEBUG   :             PartitionDevice.flagAvailable: path: /dev/sda1 ; flag: 2 ;
22:12:28,375 DEBUG   :            PartitionDevice.unsetFlag: path: /dev/sda1 ; flag: 3 ;
22:12:28,376 DEBUG   :             PartitionDevice.flagAvailable: path: /dev/sda1 ; flag: 3 ;
22:12:28,379 DEBUG   :            PartitionDevice.unsetFlag: path: /dev/sda1 ; flag: 4 ;
22:12:28,380 DEBUG   :             PartitionDevice.flagAvailable: path: /dev/sda1 ; flag: 4 ;
22:12:28,381 DEBUG   :            PartitionDevice.unsetFlag: path: /dev/sda1 ; flag: 5 ;
22:12:28,382 DEBUG   :             PartitionDevice.flagAvailable: path: /dev/sda1 ; flag: 5 ;
22:12:28,383 DEBUG   :            PartitionDevice.unsetFlag: path: /dev/sda1 ; flag: 6 ;
22:12:28,383 DEBUG   :             PartitionDevice.flagAvailable: path: /dev/sda1 ; flag: 6 ;
22:12:28,384 DEBUG   :            PartitionDevice.unsetFlag: path: /dev/sda1 ; flag: 8 ;
22:12:28,385 DEBUG   :             PartitionDevice.flagAvailable: path: /dev/sda1 ; flag: 8 ;
22:12:28,386 DEBUG   :            PartitionDevice.unsetFlag: path: /dev/sda1 ; flag: 9 ;
22:12:28,387 DEBUG   :             PartitionDevice.flagAvailable: path: /dev/sda1 ; flag: 9 ;
22:12:28,387 DEBUG   :            PartitionDevice.unsetFlag: path: /dev/sda1 ; flag: 10 ;
22:12:28,388 DEBUG   :             PartitionDevice.flagAvailable: path: /dev/sda1 ; flag: 10 ;
22:12:28,389 DEBUG   :            PartitionDevice.unsetFlag: path: /dev/sda1 ; flag: 11 ;
22:12:28,390 DEBUG   :             PartitionDevice.flagAvailable: path: /dev/sda1 ; flag: 11 ;
22:12:28,391 DEBUG   :            PartitionDevice.unsetFlag: path: /dev/sda1 ; flag: 12 ;
22:12:28,391 DEBUG   :             PartitionDevice.flagAvailable: path: /dev/sda1 ; flag: 12 ;
22:12:28,392 DEBUG   :            PartitionDevice.unsetFlag: path: /dev/sda1 ; flag: 13 ;
22:12:28,393 DEBUG   :             PartitionDevice.flagAvailable: path: /dev/sda1 ; flag: 13 ;
22:12:28,394 DEBUG   :            PartitionDevice.unsetFlag: path: /dev/sda1 ; flag: 14 ;
22:12:28,395 DEBUG   :             PartitionDevice.flagAvailable: path: /dev/sda1 ; flag: 14 ;
22:12:28,395 DEBUG   :            PartitionDevice.unsetFlag: path: /dev/sda1 ; flag: 15 ;
22:12:28,396 DEBUG   :             PartitionDevice.flagAvailable: path: /dev/sda1 ; flag: 15 ;
22:12:28,397 DEBUG   :            DiskLabel.commitToDisk: device: /dev/sda ; numparts: 1 ;
22:12:28,425 DEBUG   :             Ext4FS.create: device: /dev/sda1 ; status: False ; type: ext4 ;
22:12:28,426 DEBUG   :              Ext4FS.doFormat: device: /dev/sda1 ; mountpoint: / ; type: ext4 ;
22:12:29,943 DEBUG   :               Ext4FS.notifyKernel: device: /dev/sda1 ; type: ext4 ;
22:12:30,013 DEBUG   :            PartitionDevice.updateSysfsPath: sda1 ; status: True ;
22:12:30,014 DEBUG   :             PartitionDevice.updateSysfsPath: sda1 ; status: True ;
22:12:30,014 DEBUG   : sda1 sysfsPath set to /devices/pci0000:00/0000:00:01.1/host0/target0:0:0/0:0:0:0/block/sda/sda1
22:12:30,029 INFO    : setting boot flag on sda1
22:12:30,030 DEBUG   :           PartitionDevice.flagAvailable: path: /dev/sda1 ; flag: 1 ;
22:12:30,031 DEBUG   :           PartitionDevice.setFlag: path: /dev/sda1 ; flag: 1 ;
22:12:30,032 DEBUG   :            PartitionDevice.flagAvailable: path: /dev/sda1 ; flag: 1 ;
22:12:30,032 DEBUG   :          DiskDevice.setup: sda ; status: True ; orig: False ;
22:12:30,033 DEBUG   :          DiskLabel.commitToDisk: device: /dev/sda ; numparts: 1 ;
22:12:30,040 DEBUG   :               Ext4FS.supported: supported: True ;
22:12:30,044 DEBUG   :              BindFS.supported: supported: False ;
22:12:30,045 DEBUG   :              BindFS.supported: supported: False ;
22:12:30,045 DEBUG   : getFormat('bind') returning BindFS instance
22:12:30,048 DEBUG   :               DirectoryDevice._setFormat: /dev ; current: None ; type: bind ;
22:12:30,055 DEBUG   :               TmpFS.supported: supported: False ;
22:12:30,056 DEBUG   : getFormat('tmpfs') returning TmpFS instance
22:12:30,064 DEBUG   :               NoDevice._setFormat: tmpfs ; current: None ; type: tmpfs ;
22:12:30,067 DEBUG   :               DevPtsFS.supported: supported: False ;
22:12:30,067 DEBUG   : getFormat('devpts') returning DevPtsFS instance
22:12:30,070 DEBUG   :               NoDevice._setFormat: devpts ; current: None ; type: devpts ;
22:12:30,071 DEBUG   :               SysFS.supported: supported: False ;
22:12:30,071 DEBUG   : getFormat('sysfs') returning SysFS instance
22:12:30,072 DEBUG   :               NoDevice._setFormat: sysfs ; current: None ; type: sysfs ;
22:12:30,073 DEBUG   :               ProcFS.supported: supported: False ;
22:12:30,073 DEBUG   : getFormat('proc') returning ProcFS instance
22:12:30,074 DEBUG   :               NoDevice._setFormat: proc ; current: None ; type: proc ;
22:12:30,075 DEBUG   :           PartitionDevice.setup: sda1 ; status: True ; orig: False ;
22:12:30,075 DEBUG   :            PartitionDevice.setupParents: kids: 0 ; name: sda1 ; orig: False ;
22:12:30,076 DEBUG   :             DiskDevice.setup: sda ; status: True ; orig: False ;
22:12:30,077 DEBUG   :            DiskLabel.setup: device: /dev/sda ; status: False ; type: disklabel ;
22:12:30,078 DEBUG   :             DiskLabel.setup: device: /dev/sda ; status: False ; type: disklabel ;
22:12:30,078 INFO    : set SELinux context for mountpoint / to None
22:12:30,083 INFO    : set SELinux context for newly mounted filesystem root at / to system_u:object_r:root_t:s0
22:12:30,085 DEBUG   :            DirectoryDevice.setup: /dev ; status: True ; orig: False ;
22:12:30,086 DEBUG   :             DirectoryDevice.setupParents: kids: 0 ; name: /dev ; orig: False ;
22:12:30,088 INFO    : set SELinux context for mountpoint /dev to system_u:object_r:device_t:s0
22:12:30,090 INFO    : set SELinux context for newly mounted filesystem root at /dev to system_u:object_r:device_t:s0
22:12:30,091 DEBUG   :           NoDevice.setup: devpts ; status: False ; orig: False ;
22:12:30,094 INFO    : set SELinux context for mountpoint /dev/pts to system_u:object_r:devpts_t:s0
22:12:30,097 INFO    : set SELinux context for newly mounted filesystem root at /dev/pts to system_u:object_r:devpts_t:s0
22:12:30,098 DEBUG   :           NoDevice.setup: tmpfs ; status: False ; orig: False ;
22:12:30,098 INFO    : set SELinux context for mountpoint /dev/shm to system_u:object_r:tmpfs_t:s0
22:12:30,101 INFO    : set SELinux context for newly mounted filesystem root at /dev/shm to system_u:object_r:tmpfs_t:s0
22:12:30,103 DEBUG   :           NoDevice.setup: proc ; status: False ; orig: False ;
22:12:30,103 INFO    : set SELinux context for mountpoint /proc to None
22:12:30,106 INFO    : set SELinux context for newly mounted filesystem root at /proc to None
22:12:30,107 DEBUG   :           NoDevice.setup: sysfs ; status: False ; orig: False ;
22:12:30,108 INFO    : set SELinux context for mountpoint /sys to system_u:object_r:sysfs_t:s0
22:12:30,112 INFO    : set SELinux context for newly mounted filesystem root at /sys to system_u:object_r:sysfs_t:s0
22:12:39,564 INFO    : not writing out mpath configuration
22:12:39,571 INFO    : not writing out mpath configuration
22:13:51,391 WARNING : Storage.writeKS not completely implemented
