Aug 04 22:13:56 Erased: dracut-kernel
Aug 04 22:13:56 Erased: dracut
Aug 04 22:13:56 Erased: grub
Aug 04 22:13:56 Erased: kbd
Aug 04 22:13:56 Erased: iproute
Aug 04 22:13:56 Erased: iptables
Aug 04 22:13:56 Erased: policycoreutils
Aug 04 22:13:56 Erased: util-linux-ng
Aug 04 22:13:56 Erased: libdrm
Aug 04 22:13:57 Erased: iputils
Aug 04 22:13:57 Erased: udev
Aug 04 22:13:57 Erased: plymouth
Aug 04 22:13:57 Erased: initscripts
Aug 04 22:13:57 Erased: libpciaccess
Aug 04 22:13:57 Erased: hwdata
Aug 04 22:13:57 Erased: redhat-logos
Aug 04 22:13:57 Erased: grubby
Aug 04 22:13:58 Erased: kernel-firmware
Aug 04 22:13:59 Erased: kbd-misc
Aug 04 22:13:59 Erased: e2fsprogs
Aug 04 22:13:59 Erased: e2fsprogs-libs
Aug 04 22:13:59 Erased: libss
Aug 04 22:13:59 Erased: dbus-glib
Aug 04 22:13:59 Erased: sysvinit-tools
Aug 04 22:13:59 Erased: upstart
