Installing libgcc-4.4.7-23.el6.x86_64
warning: libgcc-4.4.7-23.el6.x86_64: Header V3 RSA/SHA1 Signature, key ID c105b9de: NOKEY
Installing setup-2.8.14-23.el6.noarch
Installing filesystem-2.4.30-3.el6.x86_64
Installing basesystem-10.0-4.el6.noarch
Installing kbd-misc-1.15-11.el6.noarch
Installing tzdata-2018e-3.el6.noarch
Installing ncurses-base-5.7-4.20090207.el6.x86_64
Installing glibc-common-2.12-1.212.el6.x86_64
Installing nss-softokn-freebl-3.14.3-23.3.el6_8.x86_64
Installing glibc-2.12-1.212.el6.x86_64
Installing ncurses-libs-5.7-4.20090207.el6.x86_64
Installing bash-4.1.2-48.el6.x86_64
Installing libattr-2.4.44-7.el6.x86_64
Installing libcap-2.16-5.5.el6.x86_64
Installing zlib-1.2.3-29.el6.x86_64
Installing info-4.13a-8.el6.x86_64
Installing popt-1.13-7.el6.x86_64
Installing libacl-2.2.49-7.el6_9.1.x86_64
Installing db4-4.7.25-22.el6.x86_64
Installing nspr-4.19.0-1.el6.x86_64
Installing nss-util-3.36.0-1.el6.x86_64
Installing libcom_err-1.41.12-24.el6.x86_64
Installing bzip2-libs-1.0.5-7.el6_0.x86_64
Installing libsepol-2.0.41-4.el6.x86_64
Installing libselinux-2.0.94-7.el6.x86_64
Installing chkconfig-1.3.49.5-1.el6.x86_64
Installing sed-4.2.1-10.el6.x86_64
install-info: No such file or directory for /usr/share/info/sed.info.gz
Installing audit-libs-2.4.5-6.el6.x86_64
Installing libidn-1.18-2.el6.x86_64
install-info: No such file or directory for /usr/share/info/libidn.info.gz
Installing readline-6.0-4.el6.x86_64
Installing libxml2-2.7.6-21.el6_8.1.x86_64
Installing file-libs-5.04-30.el6.x86_64
Installing libstdc++-4.4.7-23.el6.x86_64
Installing dbus-libs-1.2.24-9.el6.x86_64
Installing lua-5.1.4-4.1.el6.x86_64
Installing sqlite-3.6.20-1.el6_7.2.x86_64
Installing gawk-3.1.7-10.el6_7.3.x86_64
Installing libuuid-2.17.2-12.28.el6_9.2.x86_64
Installing libblkid-2.17.2-12.28.el6_9.2.x86_64
Installing xz-libs-4.999.9-0.5.beta.20091007git.el6.x86_64
Installing elfutils-libelf-0.164-2.el6.x86_64
Installing libgpg-error-1.7-4.el6.x86_64
Installing nss-softokn-3.14.3-23.3.el6_8.x86_64
Installing pcre-7.8-7.el6.x86_64
Installing grep-2.20-6.el6.x86_64
install-info: No such file or directory for /usr/share/info/grep.info.gz
Installing findutils-4.4.2-9.el6.x86_64
Installing cpio-2.10-13.el6.x86_64
Installing sysvinit-tools-2.87-6.dsf.el6.x86_64
Installing pth-2.0.7-9.3.el6.x86_64
Installing expat-2.0.1-13.el6_8.x86_64
Installing libtasn1-2.3-6.el6_5.x86_64
Installing p11-kit-0.18.5-2.el6_5.2.x86_64
Installing p11-kit-trust-0.18.5-2.el6_5.2.x86_64
Installing libgcrypt-1.4.5-12.el6_8.x86_64
Installing libnih-1.0.1-8.el6.x86_64
Installing upstart-0.6.5-17.el6.x86_64
Installing gmp-4.3.1-13.el6.x86_64
Installing libusb-0.1.12-23.el6.x86_64
Installing file-5.04-30.el6.x86_64
Installing pinentry-0.7.6-8.el6.x86_64
Installing net-tools-1.60-114.el6.x86_64
Installing procps-3.2.8-45.el6_9.3.x86_64
Installing psmisc-22.6-24.el6.x86_64
Installing tar-1.23-15.el6_8.x86_64
Installing libselinux-utils-2.0.94-7.el6.x86_64
Installing checkpolicy-2.0.22-1.el6.x86_64
Installing bzip2-1.0.5-7.el6_0.x86_64
Installing libss-1.41.12-24.el6.x86_64
Installing e2fsprogs-libs-1.41.12-24.el6.x86_64
Installing db4-utils-4.7.25-22.el6.x86_64
Installing cyrus-sasl-lib-2.1.23-15.el6_6.2.x86_64
Installing binutils-2.20.51.0.2-5.48.el6.x86_64
Installing make-3.81-23.el6.x86_64
Installing which-2.19-6.el6.x86_64
install-info: No such file or directory for /usr/share/info/which.info.gz
Installing diffutils-2.8.1-28.el6.x86_64
Installing dash-0.5.5.1-4.el6.x86_64
Installing ncurses-5.7-4.20090207.el6.x86_64
Installing groff-1.18.1.4-21.el6.x86_64
install-info: No such file or directory for /usr/share/info/groff.gz
Installing less-436-13.el6.x86_64
Installing coreutils-libs-8.4-47.el6.x86_64
Installing gzip-1.3.12-24.el6.x86_64
Installing cracklib-2.8.16-4.el6.x86_64
Installing cracklib-dicts-2.8.16-4.el6.x86_64
Installing coreutils-8.4-47.el6.x86_64
Installing pam-1.1.1-24.el6.x86_64
Installing module-init-tools-3.9-26.el6.x86_64
Installing hwdata-0.233-20.1.el6.noarch
Installing redhat-logos-60.0.14-12.el6.centos.noarch
Installing plymouth-scripts-0.8.3-29.el6.centos.x86_64
Installing libpciaccess-0.13.4-1.el6.x86_64
Installing ca-certificates-2018.2.22-65.1.el6.noarch
Installing nss-3.36.0-8.el6.x86_64
Installing nss-sysinit-3.36.0-8.el6.x86_64
Installing nss-tools-3.36.0-8.el6.x86_64
Installing ethtool-3.5-6.el6.x86_64
Installing mingetty-1.08-5.el6.x86_64
Installing keyutils-libs-1.4-5.el6.x86_64
Installing krb5-libs-1.10.3-65.el6.x86_64
Installing openssl-1.0.1e-57.el6.x86_64
Installing libssh2-1.4.2-2.el6_7.1.x86_64
Installing libcurl-7.19.7-53.el6_9.x86_64
Installing rpm-libs-4.8.0-59.el6.x86_64
Installing curl-7.19.7-53.el6_9.x86_64
Installing rpm-4.8.0-59.el6.x86_64
Installing openldap-2.4.40-16.el6.x86_64
Installing gnupg2-2.0.14-9.el6_10.x86_64
install-info: No such file or directory for /usr/share/info/gnupg.info
Installing gpgme-1.1.8-3.el6.x86_64
Installing bind-libs-9.8.2-0.68.rc1.el6.x86_64
Installing ustr-1.0.4-9.1.el6.x86_64
Installing libsemanage-2.0.43-5.1.el6.x86_64
Installing shadow-utils-4.1.5.1-5.el6.x86_64
Installing libutempter-1.1.5-4.1.el6.x86_64
Installing MAKEDEV-3.24-6.el6.x86_64
Installing plymouth-core-libs-0.8.3-29.el6.centos.x86_64
Installing gdbm-1.8.0-39.el6.x86_64
Installing libffi-3.0.5-3.2.el6.x86_64
Installing python-2.6.6-66.el6_8.x86_64
Installing python-libs-2.6.6-66.el6_8.x86_64
Installing rpm-python-4.8.0-59.el6.x86_64
Installing pygpgme-0.1-18.20090824bzr68.el6.x86_64
Installing python-pycurl-7.19.0-9.el6.x86_64
Installing python-urlgrabber-3.9.1-11.el6.noarch
Installing python-iniparse-0.3.1-2.1.el6.noarch
Installing pkgconfig-0.23-9.1.el6.x86_64
Installing gamin-0.1.10-9.el6.x86_64
Installing glib2-2.28.8-10.el6.x86_64
Installing shared-mime-info-0.70-6.el6.x86_64
Installing grubby-7.0.15-7.el6.x86_64
Installing libuser-0.56.13-8.el6_7.x86_64
Installing yum-metadata-parser-1.1.2-16.el6.x86_64
Installing yum-plugin-fastestmirror-1.1.30-41.el6.noarch
Installing yum-3.2.29-81.el6.centos.noarch
Installing dbus-glib-0.86-6.el6.x86_64
Installing kernel-firmware-2.6.32-754.2.1.el6.noarch
Installing centos-release-6-10.el6.centos.12.3.x86_64
Installing policycoreutils-2.0.83-30.1.el6_8.x86_64
Installing iptables-1.4.7-19.el6.x86_64
Installing iproute-2.6.32-57.el6.x86_64
Installing libdrm-2.4.65-2.el6.x86_64
Installing plymouth-0.8.3-29.el6.centos.x86_64
Installing iputils-20071127-24.el6.x86_64
Installing util-linux-ng-2.17.2-12.28.el6_9.2.x86_64
install-info: No such file or directory for /usr/share/info/ipc.info
Installing initscripts-9.03.61-1.el6.centos.x86_64
Installing udev-147-2.73.el6_8.2.x86_64
Installing kbd-1.15-11.el6.x86_64
Installing dracut-004-411.el6.noarch
Installing dracut-kernel-004-411.el6.noarch
Installing kernel-2.6.32-754.2.1.el6.x86_64
Installing yum-plugin-ovl-1.1.30-41.el6.noarch
Installing passwd-0.77-7.el6.x86_64
Installing grub-0.97-99.el6.x86_64
install-info: No such file or directory for /usr/share/info/grub.info.gz
install-info: No such file or directory for /usr/share/info/multiboot.info.gz
Installing bind-utils-9.8.2-0.68.rc1.el6.x86_64
Installing e2fsprogs-1.41.12-24.el6.x86_64
Installing vim-minimal-7.4.629-5.el6_8.1.x86_64
Installing rootfiles-8.1-6.1.el6.noarch
*** FINISHED INSTALLING PACKAGES ***